   1               		.file	"main.c"
   2               	__SREG__ = 0x3f
   3               	__SP_H__ = 0x3e
   4               	__SP_L__ = 0x3d
   5               	__CCP__  = 0x34
   6               	__tmp_reg__ = 0
   7               	__zero_reg__ = 1
  15               	.Ltext0:
  16               	.global	vApplicationIdleHook
  18               	vApplicationIdleHook:
  19               	.LFB9:
  20               	.LM1:
  21               	/* prologue: function */
  22               	/* frame size = 0 */
  23               	.LM2:
  24 0000 0E94 0000 		call vCoRoutineSchedule
  25               	/* epilogue start */
  26               	.LM3:
  27 0004 0895      		ret
  28               	.LFE9:
  30               		.data
  31               	.LC0:
  32 0000 4469 7370 		.string	"Display"
  32      6C61 7900 
  33               		.text
  34               	.global	main
  36               	main:
  37               	.LFB5:
  38               	.LM4:
  39 0006 EF92      		push r14
  40 0008 FF92      		push r15
  41 000a 0F93      		push r16
  42 000c DF93      		push r29
  43 000e CF93      		push r28
  44 0010 0F92      		push __tmp_reg__
  45 0012 CDB7      		in r28,__SP_L__
  46 0014 DEB7      		in r29,__SP_H__
  47               	/* prologue: function */
  48               	/* frame size = 1 */
  49               	.LBB4:
  50               	.LBB5:
  51               	.LM5:
  52 0016 CE01      		movw r24,r28
  53 0018 0196      		adiw r24,1
  54 001a 60E5      		ldi r22,lo8(80)
  55 001c 70E0      		ldi r23,hi8(80)
  56 001e 41E0      		ldi r20,lo8(1)
  57 0020 50E0      		ldi r21,hi8(1)
  58 0022 0E94 0000 		call __eerd_block_m328p
  59               	.LM6:
  60 0026 6981      		ldd r22,Y+1
  61               	.LVL0:
  62 0028 6F5F      		subi r22,lo8(-(1))
  63 002a 6983      		std Y+1,r22
  64               	.LVL1:
  65               	.LM7:
  66 002c 80E5      		ldi r24,lo8(80)
  67 002e 90E0      		ldi r25,hi8(80)
  68 0030 0E94 0000 		call __eewr_byte_m328p
  69               	.LBE5:
  70               	.LBE4:
  71               	.LM8:
  72 0034 0E94 0000 		call vParTestInitialise
  73               	.LM9:
  74 0038 80E0      		ldi r24,lo8(gs(DisplayTemp))
  75 003a 90E0      		ldi r25,hi8(gs(DisplayTemp))
  76 003c 60E0      		ldi r22,lo8(.LC0)
  77 003e 70E0      		ldi r23,hi8(.LC0)
  78 0040 45E5      		ldi r20,lo8(85)
  79 0042 50E0      		ldi r21,hi8(85)
  80 0044 20E0      		ldi r18,lo8(0)
  81 0046 30E0      		ldi r19,hi8(0)
  82 0048 02E0      		ldi r16,lo8(2)
  83 004a EE24      		clr r14
  84 004c FF24      		clr r15
  85 004e 0E94 0000 		call xTaskCreate
  86               	.LM10:
  87 0052 83E0      		ldi r24,lo8(3)
  88 0054 0E94 0000 		call vStartFlashCoRoutines
  89               	.LM11:
  90 0058 0E94 0000 		call vTaskStartScheduler
  91               	.LM12:
  92 005c 80E0      		ldi r24,lo8(0)
  93 005e 90E0      		ldi r25,hi8(0)
  94               	/* epilogue start */
  95 0060 0F90      		pop __tmp_reg__
  96 0062 CF91      		pop r28
  97 0064 DF91      		pop r29
  98 0066 0F91      		pop r16
  99 0068 FF90      		pop r15
 100 006a EF90      		pop r14
 101 006c 0895      		ret
 102               	.LFE5:
 104               	.global	print
 106               	print:
 107               	.LFB3:
 108               	.LM13:
 109               	.LVL2:
 110 006e EF92      		push r14
 111 0070 FF92      		push r15
 112 0072 0F93      		push r16
 113 0074 1F93      		push r17
 114 0076 CF93      		push r28
 115 0078 DF93      		push r29
 116               	/* prologue: function */
 117               	/* frame size = 0 */
 118 007a 7C01      		movw r14,r24
 119 007c 8B01      		movw r16,r22
 120               	.LM14:
 121 007e C0E0      		ldi r28,lo8(0)
 122 0080 D0E0      		ldi r29,hi8(0)
 123               	.LVL3:
 124 0082 00C0      		rjmp .L6
 125               	.LVL4:
 126               	.L7:
 127               	.LM15:
 128 0084 F701      		movw r30,r14
 129 0086 EC0F      		add r30,r28
 130 0088 FD1F      		adc r31,r29
 131 008a 80E0      		ldi r24,lo8(0)
 132 008c 90E0      		ldi r25,hi8(0)
 133 008e 6081      		ld r22,Z
 134 0090 40E0      		ldi r20,lo8(0)
 135 0092 50E0      		ldi r21,hi8(0)
 136 0094 0E94 0000 		call xSerialPutChar
 137               	.LM16:
 138 0098 2196      		adiw r28,1
 139               	.LVL5:
 140               	.L6:
 141 009a C017      		cp r28,r16
 142 009c D107      		cpc r29,r17
 143 009e 00F0      		brlo .L7
 144               	/* epilogue start */
 145               	.LM17:
 146 00a0 DF91      		pop r29
 147 00a2 CF91      		pop r28
 148               	.LVL6:
 149 00a4 1F91      		pop r17
 150 00a6 0F91      		pop r16
 151               	.LVL7:
 152 00a8 FF90      		pop r15
 153 00aa EF90      		pop r14
 154               	.LVL8:
 155 00ac 0895      		ret
 156               	.LFE3:
 158               		.data
 159               	.LC1:
 160 0008 5465 6D70 		.string	"Temperature = %d *C\r\n"
 160      6572 6174 
 160      7572 6520 
 160      3D20 2564 
 160      202A 430D 
 161               		.text
 162               	.global	DisplayTemp
 164               	DisplayTemp:
 165               	.LFB4:
 166               	.LM18:
 167 00ae 0F93      		push r16
 168 00b0 1F93      		push r17
 169 00b2 CF93      		push r28
 170 00b4 DF93      		push r29
 171               	/* prologue: function */
 172               	/* frame size = 0 */
 173               	.LM19:
 174 00b6 0E94 0000 		call ADC_0_init
 175               	.LM20:
 176 00ba 60E8      		ldi r22,lo8(9600)
 177 00bc 75E2      		ldi r23,hi8(9600)
 178 00be 80E0      		ldi r24,hlo8(9600)
 179 00c0 90E0      		ldi r25,hhi8(9600)
 180 00c2 44E6      		ldi r20,lo8(100)
 181 00c4 0E94 0000 		call xSerialPortInitMinimal
 182               	.LM21:
 183 00c8 C0E0      		ldi r28,lo8(MsgBuff.2153)
 184 00ca D0E0      		ldi r29,hi8(MsgBuff.2153)
 185 00cc 00E0      		ldi r16,lo8(.LC1)
 186 00ce 10E0      		ldi r17,hi8(.LC1)
 187               	.L10:
 188               	.LM22:
 189 00d0 84EF      		ldi r24,lo8(500)
 190 00d2 91E0      		ldi r25,hi8(500)
 191 00d4 0E94 0000 		call vTaskDelay
 192               	.LM23:
 193 00d8 80E0      		ldi r24,lo8(0)
 194 00da 0E94 0000 		call ADC_0_get_conversion
 195 00de 8093 0000 		sts res.2152,r24
 196 00e2 9093 0000 		sts res.2152+1,r25
 197               	.LM24:
 198 00e6 00D0      		rcall .
 199 00e8 00D0      		rcall .
 200 00ea 00D0      		rcall .
 201 00ec EDB7      		in r30,__SP_L__
 202 00ee FEB7      		in r31,__SP_H__
 203 00f0 3196      		adiw r30,1
 204 00f2 ADB7      		in r26,__SP_L__
 205 00f4 BEB7      		in r27,__SP_H__
 206 00f6 1296      		adiw r26,1+1
 207 00f8 DC93      		st X,r29
 208 00fa CE93      		st -X,r28
 209 00fc 1197      		sbiw r26,1
 210 00fe 1383      		std Z+3,r17
 211 0100 0283      		std Z+2,r16
 212 0102 62E0      		ldi r22,lo8(2)
 213 0104 70E0      		ldi r23,hi8(2)
 214 0106 0E94 0000 		call __divmodhi4
 215 010a 7583      		std Z+5,r23
 216 010c 6483      		std Z+4,r22
 217 010e 0E94 0000 		call sprintf
 218               	.LM25:
 219 0112 FE01      		movw r30,r28
 220 0114 0190      		ld __tmp_reg__,Z+
 221 0116 0020      		tst __tmp_reg__
 222 0118 01F4      		brne .-6
 223 011a 3197      		sbiw r30,1
 224 011c E050      		subi r30,lo8(MsgBuff.2153)
 225 011e F040      		sbci r31,hi8(MsgBuff.2153)
 226 0120 8DB7      		in r24,__SP_L__
 227 0122 9EB7      		in r25,__SP_H__
 228 0124 0696      		adiw r24,6
 229 0126 0FB6      		in __tmp_reg__,__SREG__
 230 0128 F894      		cli
 231 012a 9EBF      		out __SP_H__,r25
 232 012c 0FBE      		out __SREG__,__tmp_reg__
 233 012e 8DBF      		out __SP_L__,r24
 234 0130 CE01      		movw r24,r28
 235 0132 BF01      		movw r22,r30
 236 0134 0E94 0000 		call print
 237 0138 00C0      		rjmp .L10
 238               	.LFE4:
 240               		.lcomm MsgBuff.2153,32
 241               		.lcomm res.2152,2
 290               	.Letext0:
DEFINED SYMBOLS
                            *ABS*:00000000 main.c
C:\Users\Tintu\AppData\Local\Temp/ccJxlb83.s:2      *ABS*:0000003f __SREG__
C:\Users\Tintu\AppData\Local\Temp/ccJxlb83.s:3      *ABS*:0000003e __SP_H__
C:\Users\Tintu\AppData\Local\Temp/ccJxlb83.s:4      *ABS*:0000003d __SP_L__
C:\Users\Tintu\AppData\Local\Temp/ccJxlb83.s:5      *ABS*:00000034 __CCP__
C:\Users\Tintu\AppData\Local\Temp/ccJxlb83.s:6      *ABS*:00000000 __tmp_reg__
C:\Users\Tintu\AppData\Local\Temp/ccJxlb83.s:7      *ABS*:00000001 __zero_reg__
C:\Users\Tintu\AppData\Local\Temp/ccJxlb83.s:18     .text:00000000 vApplicationIdleHook
C:\Users\Tintu\AppData\Local\Temp/ccJxlb83.s:36     .text:00000006 main
C:\Users\Tintu\AppData\Local\Temp/ccJxlb83.s:164    .text:000000ae DisplayTemp
C:\Users\Tintu\AppData\Local\Temp/ccJxlb83.s:106    .text:0000006e print
                             .bss:00000000 MsgBuff.2153
C:\Users\Tintu\AppData\Local\Temp/ccJxlb83.s:240    .bss:00000020 res.2152

UNDEFINED SYMBOLS
vCoRoutineSchedule
__eerd_block_m328p
__eewr_byte_m328p
vParTestInitialise
xTaskCreate
vStartFlashCoRoutines
vTaskStartScheduler
xSerialPutChar
ADC_0_init
xSerialPortInitMinimal
vTaskDelay
ADC_0_get_conversion
__divmodhi4
sprintf
__do_copy_data
__do_clear_bss
